#### Helper Patterns ####

#[2021-06-07T11:39:31-0400]
TOIL_DATE_TIME \[%{YEAR:YEAR}-%{MONTHNUM:MONTH}-%{MONTHDAY:DAY}T%{HOUR:HOUR}:%{MINUTE:MINUTE}:%{SECOND:SECOND}-\d{4}\]

#[2021-06-09T20:03:10-0400] [MainThread] [I] [toil.job]
TOIL_LOG_META %{TOIL_DATE_TIME} \[%{DATA:THREAD}\] \[%{WORD:SYMBOL}\] \[%{DATA:CLASS}\]

#'CWLJob' Rscript /usr/bin/qc_summary.R kind-CWLJob/instance-6vezu8nw
#'ResolveIndirect' kind-ResolveIndirect/instance-cpgdscpp
#TOIL_JOB_META \'%{WORD:JOB}\' ?%{GREEDYDATA:JOBNAME} kind-.*/instance-%{GREEDYDATA:JOBID}
TOIL_JOB_META \'%{WORD:JOB}\' ?%{DATA:JOBNAME} %{TOIL_JOB_ID}
TOIL_VERSION [\w.]+-\w+
TOIL_JOB_ID_FORMAT \w{8}
TOIL_JOB_ID kind-\w+\/.*?instance-%{TOIL_JOB_ID_FORMAT:JOB_ID}
#### Failures ####

#[2021-06-09T20:43:13-0400] [MainThread] [W] [toil.leader] Job failed with exit value 1: 'CWLJob' Rscript /usr/bin/qc_summary.R kind-CWLJob/instance-6vezu8nwExit reason: None
TOIL_JOB_FAILED %{TOIL_LOG_META} Job %{WORD:STATUS} with exit value %{NUMBER:EXITCODE}: \'%{WORD:JOB}\' ?%{DATA:JOBNAME} kind-\w+\/instance-%{DATA:JOB_ID}Exit reason: %{GREEDYDATA:EXITREASON}

#[2021-06-09T20:44:15-0400] [MainThread] [W] [toil.leader] Job 'CWLJob' Rscript /usr/bin/qc_summary.R kind-CWLJob/instance-6vezu8nw is completely failed
TOIL_JOB_FAILED_2 %{TOIL_LOG_META} Job %{TOIL_JOB_META} is completely %{WORD:STATUS}

#[2021-06-09T20:07:14-0400] [MainThread] [W] [toil.leader] The job seems to have left a log file, indicating failure: 'CWLJob' python /usr/bin/conpair/scripts/verify_concordances.py kind-CWLJob/instance-hokioqwb
TOIL_JOB_FAILED_3 %{TOIL_LOG_META} The job seems to have left a log file, indicating %{WORD:STATUS}: %{TOIL_JOB_META}

#[2021-06-09T20:10:10-0400] [MainThread] [W] [toil.job] Due to failure we are reducing the remaining try count of job 'CWLJob' python /usr/bin/conpair/scripts/verify_concordances.py kind-CWLJob/instance-hokioqwb with ID kind-CWLJob/instance-hokioqwb to 0
TOIL_JOB_FAILED_4 %{TOIL_LOG_META} Due to %{WORD:STATUS} we are reducing the remaining try count of job %{TOIL_JOB_META} with ID .* to %{NUMBER:RETRYCOUNT}

#[2021-06-09T20:07:10-0400] [Thread-69 ] [E] [toil.batchSystems.lsf] bjobs detected job failed with: exit code: 1for job: 82527470
#[2021-10-13T04:39:34-0400] [Thread-279] [E] [toil.batchSystems.lsf] bjobs detected job failed with: exit code: 1exit reason: TERM_MEMLIMIT: job killed after reaching LSF memory usage limitfor job: 3354172
TOIL_JOB_FAILED_5 %{TOIL_LOG_META} bjobs detected job %{WORD:STATUS} with: exit code: %{NUMBER:EXITCODE}(exit reason: %{DATA:EXIT_REASON})?for job: %{NUMBER:LSF_ID}

#[2021-07-06T17:04:12-0400] [Thread-118] [E] [toil.batchSystems.abstractGridEngineBatchSystem] Will retry errored operation submitJob, code 255: System call failed: No such file or directory. Job not submitted.
TOIL_OPERATION_FAILED %{TOIL_LOG_META} Will retry %{WORD:STATUS} operation %{WORD:TOIL_OPERATION}, code %{NUMBER:EXITCODE}: %{DATA:ERROR_INFO}$

#\t\n\tTraceback (most recent call last):\n\t  File \"/juno/work/ci/prod_ridgeback/venv/lib/python3.7/site-packages/cwltool/expression.py\", line 427, in do_eval\n\t    else 2,\n\t  File \"/juno/work/ci/prod_ridgeback/venv/lib/python3.7/site-packages/cwltool/expression.py\", line 321, in interpolate\n\t    js_console=js_console,\n\t  File \"/juno/work/ci/prod_ridgeback/venv/lib/python3.7/site-packages/cwltool/expression.py\", line 256, in evaluator\n\t    js_console=js_console,\n\t  File \"/juno/work/ci/prod_ridgeback/venv/lib/python3.7/site-packages/cwltool/sandboxjs.py\", line 417, in execjs\n\t    ) from err\n\tcwltool.sandboxjs.JavascriptException: Expecting value: line 1 column 1 (char 0)\n\tscript was:\n\t01 \"use strict\";\n\t02 var inputs = {\n\t03     \"input_file\": null,\n\t04     \"input_files\": [],\n\t05     \"num_lines\": null\n\t06 };\n\t07 var self = null;\n\t08 var runtime = {\n\t09     \"tmpdir\": null,\n\t10     \"outdir\": null\n\t11 };\n\t12 (function(){ return inputs.input_files[0]; })()\n\tstdout was: 'undefined'\n\tstderr was: ''
TOIL_JAVASCRIPT_FAILED .*cwltool.sandboxjs.%{WORD:ERROR_TYPE}:%{DATA:ERROR_INFO}(\n|\t)*?script was:%{DATA:SCRIPT_DATA}(\n|\t)*?stdout was: \'%{DATA:STDOUT}\'(\n|\t)*?stderr was: \'%{DATA:STDERR}\'

#[2021-06-09T20:44:32-0400] [MainThread] [I] [toil.leader] Failed jobs at end of the run: 'CWLJob' python /usr/bin/conpair/scripts/verify_concordances.py kind-CWLJob/instance-hokioqwb 'CWLJob' kind-CWLJob/instance-yboyfyv3 'CWLJob' echo -e kind-CWLJob/instance-fm7x31g3 'CWLJob' Rscript /usr/bin/qc_summary.R kind-CWLJob/instance-6vezu8nw 'CWLWorkflow' kind-CWLWorkflow/instance-du1tc5xi 'CWLWorkflow' kind-CWLWorkflow/instance-n55s66xu 'CWLJob' python /usr/bin/conpair/scripts/verify_concordances.py kind-CWLJob/instance-jtamsebp 'CWLJob' python /usr/bin/conpair/scripts/estimate_tumor_normal_contaminations.py kind-CWLJob/instance-er9nar51 'CWLJob' python /usr/bin/create_cdna_contam.py kind-CWLJob/instance-8z3z66p9 'CWLWorkflow' kind-CWLWorkflow/instance-ah9x_7qt 'ResolveIndirect' kind-ResolveIndirect/instance-2hih2odj"
TOIL_JOB_FAILED_LIST %{TOIL_LOG_META} Failed jobs at end of the run:%{GREEDYDATA:FAILED_RUN_LIST}

#[2021-06-09T20:44:37-0400] [MainThread] [I] [toil.realtimeLogger] Joining real-time logging server thread.\nTraceback (most recent call last):\n  File \"/juno/work/ci/staging_ridgeback/test_venv/bin/toil-cwl-runner\", line 33, in <module>\n    sys.exit(load_entry_point('toil==5.4.0a1', 'console_scripts', 'toil-cwl-runner')())\n  File \"/juno/work/ci/staging_ridgeback/test_venv/lib/python3.7/site-packages/toil/cwl/cwltoil.py\", line 2399, in main\n    outobj = toil.start(wf1)\n  File \"/juno/work/ci/staging_ridgeback/test_venv/lib/python3.7/site-packages/toil/common.py\", line 843, in start\n    return self._runMainLoop(rootJobDescription)\n  File \"/juno/work/ci/staging_ridgeback/test_venv/lib/python3.7/site-packages/toil/common.py\", line 1134, in _runMainLoop\n    jobCache=self._jobCache).run()\n  File \"/juno/work/ci/staging_ridgeback/test_venv/lib/python3.7/site-packages/toil/leader.py\", line 261, in run\n    raise FailedJobsException(self.config.jobStore, self.toilState.totalFailedJobs, self.jobStore)\ntoil.leader.FailedJobsException: The job store 'file:/juno/work/ci/temp/job/c05105b5-2b00-460e-bbc7-b80ba9183c9b' contains 11 failed jobs: 'CWLJob' python /usr/bin/conpair/scripts/verify_concordances.py kind-CWLJob/instance-hokioqwb, 'CWLJob' kind-CWLJob/instance-yboyfyv3, 'CWLJob' echo -e kind-CWLJob/instance-fm7x31g3, 'CWLJob' Rscript /usr/bin/qc_summary.R kind-CWLJob/instance-6vezu8nw, 'CWLWorkflow' kind-CWLWorkflow/instance-du1tc5xi, 'CWLWorkflow' kind-CWLWorkflow/instance-n55s66xu, 'CWLJob' python /usr/bin/conpair/scripts/verify_concordances.py kind-CWLJob/instance-jtamsebp, 'CWLJob' python /usr/bin/conpair/scripts/estimate_tumor_normal_contaminations.py kind-CWLJob/instance-er9nar51, 'CWLJob' python /usr/bin/create_cdna_contam.py kind-CWLJob/instance-8z3z66p9, 'CWLWorkflow' kind-CWLWorkflow/instance-ah9x_7qt, 'ResolveIndirect' kind-ResolveIndirect/instance-2hih2odj

#[2021-07-06T17:15:20-0400] [MainThread] [I] [toil.realtimeLogger] Joining real-time logging server thread.\nTraceback (most recent call last):\n  File \"/juno/work/ci/prod_ridgeback/venv/bin/toil-cwl-runner\", line 11, in <module>\n    load_entry_point('toil==5.4.0a1', 'console_scripts', 'toil-cwl-runner')()\n  File \"/juno/work/ci/prod_ridgeback/venv/lib/python3.7/site-packages/toil/cwl/cwltoil.py\", line 2399, in main\n    outobj = toil.start(wf1)\n  File \"/juno/work/ci/prod_ridgeback/venv/lib/python3.7/site-packages/toil/common.py\", line 843, in start\n    return self._runMainLoop(rootJobDescription)\n  File \"/juno/work/ci/prod_ridgeback/venv/lib/python3.7/site-packages/toil/common.py\", line 1134, in _runMainLoop\n    jobCache=self._jobCache).run()\n  File \"/juno/work/ci/prod_ridgeback/venv/lib/python3.7/site-packages/toil/leader.py\", line 229, in run\n    self.innerLoop()\n  File \"/juno/work/ci/prod_ridgeback/venv/lib/python3.7/site-packages/toil/leader.py\", line 604, in innerLoop\n    self._processReadyJobs()\n  File \"/juno/work/ci/prod_ridgeback/venv/lib/python3.7/site-packages/toil/leader.py\", line 513, in _processReadyJobs\n    self._processReadyJob(updatedJob, resultStatus)\n  File \"/juno/work/ci/prod_ridgeback/venv/lib/python3.7/site-packages/toil/leader.py\", line 481, in _processReadyJob\n    self._runJobSuccessors(readyJob)\n  File \"/juno/work/ci/prod_ridgeback/venv/lib/python3.7/site-packages/toil/leader.py\", line 397, in _runJobSuccessors\n    self.issueJobs(successors)\n  File \"/juno/work/ci/prod_ridgeback/venv/lib/python3.7/site-packages/toil/leader.py\", line 753, in issueJobs\n    self.issueJob(job)\n  File \"/juno/work/ci/prod_ridgeback/venv/lib/python3.7/site-packages/toil/leader.py\", line 732, in issueJob\n    jobBatchSystemID = self.batchSystem.issueBatchJob(jobNode)\n  File \"/juno/work/ci/prod_ridgeback/venv/lib/python3.7/site-packages/toil/batchSystems/abstractGridEngineBatchSystem.py\", line 347, in issueBatchJob\n    localID = self.handleLocalJob(jobDesc)\n  File \"/juno/work/ci/prod_ridgeback/venv/lib/python3.7/site-packages/toil/batchSystems/abstractBatchSystem.py\", line 408, in handleLocalJob\n    return self.localBatch.issueBatchJob(jobDesc)\n  File \"/juno/work/ci/prod_ridgeback/venv/lib/python3.7/site-packages/toil/batchSystems/singleMachine.py\", line 627, in issueBatchJob\n    self._runDebugJob(jobDesc.command, jobID, self.environment.copy())\n  File \"/juno/work/ci/prod_ridgeback/venv/lib/python3.7/site-packages/toil/batchSystems/singleMachine.py\", line 409, in _runDebugJob\n    redirectOutputToLogFile=not self.debugWorker) # Call the worker\n  File \"/juno/work/ci/prod_ridgeback/venv/lib/python3.7/site-packages/toil/worker.py\", line 590, in workerScript\n    shutil.rmtree(localWorkerTempDir)\n  File \"/opt/common/CentOS_7/python/python-3.7.1/lib/python3.7/shutil.py\", line 476, in rmtree\n    onerror(os.lstat, path, sys.exc_info())\n  File \"/opt/common/CentOS_7/python/python-3.7.1/lib/python3.7/shutil.py\", line 474, in rmtree\n    orig_st = os.lstat(path)\nFileNotFoundError: [Errno 2] No such file or directory: '/work/ci/beagle/work/074cab4f-1433-411f-83ec-e8170063ca13/ee2543ab705e549793b1dee76c932ab6/cead'
#TOIL_JOB_FAILED_LIST_2 %{TOIL_LOG_META} Joining real-time logging .*? contains %{NUMBER:FAILED_JOBS} failed jobs:%{GREEDYDATA:FAILED_RUN_LIST}
TOIL_JOINING_LOG %{TOIL_LOG_META} Joining real-time logging .*?Traceback.*\n%{DATA:ERROR_TYPE}: %{DATA:ERROR_INFO}(contains %{NUMBER:FAILED_JOBS} failed jobs:%{GREEDYDATA:FAILED_RUN_LIST})?$

###TOOL ERROR WITH CWL ERROR
#[2021-06-09T20:43:13-0400] [MainThread] [W] [toil.leader] Log from job \"kind-CWLJob/instance-6vezu8nw\" follows:\n=========>\n\t[2021-06-09T20:37:31-0400] [MainThread] [I] [toil.worker] ---TOIL WORKER OUTPUT LOG---\n\t[2021-06-09T20:37:31-0400] [MainThread] [I] [toil] Running Toil version 5.4.0a1-e30349c6facbada3c5dd839c7352af4116a65214 on host ju07.\n\t[2021-06-09T20:37:33-0400] [MainThread] [I] [toil.worker] Working on job 'CWLJob' Rscript /usr/bin/qc_summary.R kind-CWLJob/instance-6vezu8nw\n\t[2021-06-09T20:37:33-0400] [MainThread] [I] [toil.worker] Loaded body Job('CWLJob' Rscript /usr/bin/qc_summary.R kind-CWLJob/instance-6vezu8nw) from description 'CWLJob' Rscript /usr/bin/qc_summary.R kind-CWLJob/instance-6vezu8nw\n\t[2021-06-09T20:37:35-0400] [MainThread] [I] [cwltool] ['singularity', 'pull', '--force', '--name', 'mskcc_roslin-variant-roslin-qc:0.6.4.sif', 'docker://mskcc/roslin-variant-roslin-qc:0.6.4']\n\tINFO:    Using cached SIF image\n\t[2021-06-09T20:37:45-0400] [MainThread] [I] [cwltool] [job generate-images] /juno/work/ci/temp/work/c05105b5-2b00-460e-bbc7-b80ba9183c9b/977f98efe9c75e24bf39fb3511460ad6/ff11/dedc/tmpn75mehla/tmp-outx5z4yt4g$ singularity \\\n\t    --quiet \\\n\t    exec \\\n\t    --contain \\\n\t    --ipc \\\n\t    --pid \\\n\t    --home \\\n\t    /juno/work/ci/temp/work/c05105b5-2b00-460e-bbc7-b80ba9183c9b/977f98efe9c75e24bf39fb3511460ad6/ff11/dedc/tmpn75mehla/tmp-outx5z4yt4g:/VcNswh \\\n\t    --bind \\\n\t    /juno/work/ci/temp/work/c05105b5-2b00-460e-bbc7-b80ba9183c9b/977f98efe9c75e24bf39fb3511460ad6/ff11/dedc/tmp4du5190_rqi_p5ke:/tmp:rw \\\n\t    --bind \\\n\t    /juno/work/ci/temp/work/c05105b5-2b00-460e-bbc7-b80ba9183c9b/977f98efe9c75e24bf39fb3511460ad6/1a42/6241/tmpblnv068m/out/qc_merged_directory:/var/lib/cwl/stgd1acea59-0993-486b-9429-f4d5a5593649/qc_merged_directory:ro \\\n\t    --pwd \\\n\t    /VcNswh \\\n\t    /juno/work/ci/temp/work/c05105b5-2b00-460e-bbc7-b80ba9183c9b/977f98efe9c75e24bf39fb3511460ad6/ff11/dedc/mskcc_roslin-variant-roslin-qc:0.6.4.sif \\\n\t    Rscript \\\n\t    /usr/bin/qc_summary.R \\\n\t    --bin \\\n\t    /usr/bin/ \\\n\t    --cov_fail_threshold \\\n\t    50 \\\n\t    --cov_warn_threshold \\\n\t    200 \\\n\t    --dup_rate_threshold \\\n\t    80 \\\n\t    --pre \\\n\t    08944_B \\\n\t    --path \\\n\t    . \\\n\t    --logfile \\\n\t    qcPDF.log \\\n\t    --major_contam_threshold \\\n\t    0.55 \\\n\t    --minor_contam_threshold \\\n\t    0.02 \\\n\t    --output_dir \\\n\t    images/\n\tWARNING: Overriding HOME environment variable with SINGULARITYENV_HOME is not permitted\n\tError in FUN(X[[i]], ...) : \n\t  unsupported conversion from 'UTF-8' to 'ASCII//TRANSLIT'\n\tError: package or namespace load failed for 'ggplot2':\n\t .onLoad failed in loadNamespace() for 'rlang', details:\n\t  call: utils::packageVersion(pkg)\n\t  error: there is no package called 'rlang'\n\tExecution halted\n\t[2021-06-09T20:42:07-0400] [MainThread] [E] [cwltool] [job generate-images] Job error:\n\t(\"Error collecting output for parameter 'images_directory':\\n../../juno/work/ci/temp/work/c05105b5-2b00-460e-bbc7-b80ba9183c9b/argos-cwl/tools/roslin-qc/generate-images.cwl:93:7: Did not find output file with glob pattern: '['images']'\", {})\n\t[2021-06-09T20:42:07-0400] [MainThread] [W] [cwltool] [job generate-images] completed permanentFail\n\t[2021-06-09T20:42:07-0400] [MainThread] [W] [toil.fileStores.abstractFileStore] Failed job accessed files:\n\t[2021-06-09T20:42:07-0400] [MainThread] [W] [toil.fileStores.abstractFileStore] Downloaded file 'files/for-job/kind-CWLJob/instance-lan722jo/file-e5cece1\n139e043c985ee24c9afa6b107/08944_B_markDuplicatesMetrics.txt' to path '/juno/work/ci/temp/work/c05105b5-2b00-460e-bbc7-b80ba9183c9b/977f98efe9c75e24bf39fb3511460ad6/ff11/dedc/tmpaepjzt22.tmp'\n\t[2021-06-09T20:42:07-0400] [MainThread] [W] [toil.fileStores.abstractFileStore] Downloaded file 'files/for-job/kind-CWLJob/instance-lan722jo/file-64961633825e410ca9f9091955fac4f5/08944_B_HsMetrics.txt' to path '/juno/work/ci/temp/work/c05105b5-2b00-460e-bbc7-b80ba9183c9b/977f98efe9c75e24bf39fb3511460ad6/ff11/dedc/tmp7wsb9554.tmp'\n\t[2021-06-09T20:42:07-0400] [MainThread] [W] [toil.fileStores.abstractFileStore] Downloaded file 'files/for-job/kind-CWLJob/instance-lan722jo/file-41855020cee646c99864ea1d1ef21249/08944_B_GcBiasMetrics.txt' to path '/juno/work/ci/temp/work/c05105b5-2b00-460e-bbc7-b80ba9183c9b/977f98efe9c75e24bf39fb3511460ad6/ff11/dedc/tmpr7nwymxh.tmp'\n\t[2021-06-09T20:42:07-0400] [MainThread] [W] [toil.fileStores.abstractFileStore] Downloaded file 'files/for-job/kind-CWLJob/instance-lan722jo/file-491f92c26ad9429d902ba39d423db32b/08944_B_InsertSizeMetrics_Histograms.txt' to path '/juno/work/ci/temp/work/c05105b5-2b00-460e-bbc7-b80ba9183c9b/977f98efe9c75e24bf39fb3511460ad6/ff11/dedc/tmpwj1_v0hv.tmp'\n\t[2021-06-09T20:42:07-0400] [MainThread] [W] [toil.fileStores.abstractFileStore] Downloaded file 'files/for-job/kind-CWLJob/instance-lan722jo/file-348e45b416644fbfaea58bb36fda8350/08944_B_FingerprintSummary.txt' to path '/juno/work/ci/temp/work/c05105b5-2b00-460e-bbc7-b80ba9183c9b/977f98efe9c75e24bf39fb3511460ad6/ff11/dedc/tmpkw5l0z6j.tmp'\n\t[2021-06-09T20:42:07-0400] [MainThread] [W] [toil.fileStores.abstractFileStore] Downloaded file 'files/for-job/kind-CWLJob/instance-lan722jo/file-7f89e110581a44d5bc0e6d8b7e04e194/08944_B_MinorContamination.txt' to path '/juno/work/ci/temp/work/c05105b5-2b00-460e-bbc7-b80ba9183c9b/977f98efe9c75e24bf39fb3511460ad6/ff11/dedc/tmp3q021qm5.tmp'\n\t[2021-06-09T20:42:07-0400] [MainThread] [W] [toil.fileStores.abstractFileStore] Downloaded file 'files/for-job/kind-CWLJob/instance-lan722jo/file-ee797fc02a5d400d89fc5f73037ae37c/08944_B_post_recal_MeanQualityByCycle.txt' to path '/juno/work/ci/temp/work/c05105b5-2b00-460e-bbc7-b80ba9183c9b/977f98efe9c75e24bf39fb3511460ad6/ff11/dedc/tmp25mvc7my.tmp'\n\t[2021-06-09T20:42:07-0400] [MainThread] [W] [toil.fileStores.abstractFileStore] Downloaded file 'files/for-job/kind-CWLJob/instance-lan722jo/file-b93486454fa64be2867b064c21ca0e3c/08944_B_pre_recal_MeanQualityByCycle.txt' to path '/juno/work/ci/temp/work/c05105b5-2b00-460e-bbc7-b80ba9183c9b/977f98efe9c75e24bf39fb3511460ad6/ff11/dedc/tmpgdep1hm3.tmp'\n\t[2021-06-09T20:42:07-0400] [MainThread] [W] [toil.fileStores.abstractFileStore] Downloaded file 'files/for-job/kind-CWLJob/instance-lan722jo/file-63500839844b4698beb57c71e5417090/08944_B_HotspotsInNormals.txt' to path '/juno/work/ci/temp/work/c05105b5-2b00-460e-bbc7-b80ba9183c9b/977f98efe9c75e24bf39fb3511460ad6/ff11/dedc/tmp3s7cvucc.tmp'\n\t[2021-06-09T20:42:07-0400] [MainThread] [W] [toil.fileStores.abstractFileStore] Downloaded file 'files/for-job/kind-CWLJob/instance-lan722jo/file-97072d2746cb4f8499611dcbfc1f263a/08944_B_MinorContamFreqList.txt' to path '/juno/work/ci/temp/work/c05105b5-2b00-460e-bbc7-b80ba9183c9b/977f98efe9c75e24bf39fb3511460ad6/ff11/dedc/tmpmpg0908b.tmp'\n\t[2021-06-09T20:42:07-0400] [MainThread] [W] [toil.fileStores.abstractFileStore] Downloaded file 'files/for-job/kind-CWLJob/instance-lan722jo/file-bc11c82cfa8d438ba76d8afbd6af6626/08944_B_DiscordantHomAlleleFractions.txt' to path '/juno/work/ci/temp/work/c05105b5-2b00-460e-bbc7-b80ba9183c9b/977f98efe9c75e24bf39fb3511460ad6/ff11/dedc/tmpbek4kg8l.tmp'\n\t[2021-06-09T20:42:07-0400] [MainThread] [W] [toil.fileStores.abstractFileStore] Downloaded file 'files/for-job/kind-CWLJob/instance-lan722jo/file-fdae00cb1c6a422a90f14a87aebf7d8d/08944_B_MajorContamination.txt' to path '/juno/work/ci/temp/work/c05105b5-2b00-460e-bbc7-b80ba9183c9b/977f98efe9c75e24bf39fb3511460ad6/ff11/dedc/tmponwlkwst.tmp'\n\t[2021-06-09T20:42:07-0400] [MainThread] [W] [toil.fileStores.abstractFileStore] Downloaded file 'files/for-job/kind-CWLJob/instance-lan722jo/file-e5cece1139e043c985ee24c9afa6b107/08944_B_markDuplicatesMetrics.txt' to path '/juno/work/ci/temp/work/c05105b5-2b00-460e-bbc7-b80ba9183c9b/977f98efe9c75e24bf39fb3511460ad6/ff11/dedc/tmp8zhcwtsw.tmp'\n\t[2021-06-09T20:42:07-0400] [MainThread] [W] [toil.fileStores.abstractFileStore] Downloaded file 'files/for-job/kind-CWLJob/instance-lan722jo/file-64961633825e410ca9f9091955fac4f5/08944_B_HsMetrics.txt' to path '/juno/work/ci/temp/work/c05105b5-2b00-460e-bbc7-b80ba9183c9b/977f98efe9c75e24bf39fb3511460ad6/ff11/dedc/tmpoc30k2cm.tmp'\n\t[2021-06-09T20:42:07-0400] [MainThread] [W] [toil.fileStores.abstractFileStore] Downloaded file 'files/for-job/kind-CWLJob/instance-lan722jo/file-41855020cee646c99864ea1d1ef21249/08944_B_GcBiasMetrics.txt' to path '/juno/work/ci/temp/work/c05105b5-2b00-460e-bbc7-b80ba9183c9b/977f98efe9c75e24bf39fb3511460ad6/ff11/dedc/tmpd0_bqxrz.tmp'\n\t[2021-06-09T20:42:07-0400] [MainThread] [W] [toil.fileStores.abstractFileStore] Downloaded file 'files/for-job/kind-CWLJob/instance-lan722jo/file-491f92c26ad9429d902ba39d423db32b/08944_B_InsertSizeMetrics_Histograms.txt' to path '/juno/work/ci/temp/work/c05105b5-2b00-460e-bbc7-b80ba9183c9b/977f98efe9c75e24bf39fb3511460ad6/ff11/dedc/tmpexqbhjh9.tmp'\n\t[2021-06-09T20:42:07-0400] [MainThread] [W] [toil.fileStores.abstractFileStore] Downloaded file 'files/for-job/kind-CWLJob/instance-lan722jo/file-348e45b416644fbfaea58bb36fda8350/08944_B_FingerprintSummary.txt' to path '/juno/work/ci/temp/work/c05105b5-2b00-460e-bbc7-b80ba9183c9b/977f98efe9c75e24bf39fb3511460ad6/ff11/dedc/tmpo4pzptbz.tmp'\n\t[2021-06-09T20:42:07-0400] [MainThread] [W] [toil.fileStores.abstractFileStore] Downloaded file 'files/for-job/kind-CWLJob/instance-lan722jo/file-7f89e110581a44d5bc0e6d8b7e04e194/08944_B_MinorContamination.txt' to path '/juno/work/ci/temp/work/c05105b5-2b00-460e-bbc7-b80ba9183c9b/977f98efe9c75e24bf39fb3511460ad6/ff11/dedc/tmpgdr6y_kd.tmp'\n\t[2021-06-09T20:42:07-0400] [MainThread] [W] [toil.fileStores.abstractFileStore] Downloaded file 'files/for-job/kind-CWLJob/instance-lan722jo/file-ee797fc02a5d400d89fc5f73037ae37c/08944_B_post_recal_MeanQualityByCycle.txt' to path '/juno/work/ci/temp/work/c05105b5-2b00-460e-bbc7-b80ba9183c9b/977f98efe9c75e24bf39fb3511460ad6/ff11/dedc/tmpnutvcgad.tmp'\n\t[2021-06-09T20:42:07-0400] [MainThread] [W] [toil.fileStores.abstractFileStore] Downloaded file 'files/for-job/kind-CWLJob/instance-lan722jo/file-b93486454fa64be2867b064c21ca0e3c/08944_B_pre_recal_MeanQualityByCycle.txt' to path '/juno/work/ci/temp/work/c05105b5-2b00-460e-bbc7-b80ba9183c9b/977f98efe9c75e24bf39fb3511460ad6/ff11/dedc/tmp9_g7cbhw.tmp'\n\t[2021-06-09T20:42:07-0400] [MainThread] [W] [toil.fileStores.abstractFileStore] Downloaded file 'files/for-job/kind-CWLJob/instance-lan722jo/file-63500839844b4698beb57c71e5417090/08944_B_HotspotsInNormals.txt' to path '/juno/work/ci/temp/work/c05105b5-2b00-460e-bbc7-b80ba9183c9b/977f98efe9c75e24bf39fb3511460ad6/ff11/dedc/tmpi3wxxzqs.tmp'\n\t[2021-06-09T20:42:07-0400] [MainThread] [W] [toil.fileStores.abstractFileStore] Downloaded file 'files/for-job/kind-CWLJob/instance-lan722jo/file-97072d2746cb4f8499611dcbfc1f263a/08944_B_MinorContamFreqList.txt' to path '/juno/work/ci/temp/work/c05105b5-2b00-460e-bbc7-b80ba9183c9b/977f98efe9c75e24bf39fb3511460ad6/ff11/dedc/tmpidllsuhi.tmp'\n\t[2021-06-09T20:42:07-0400] [MainThread] [W] [toil.fileStores.abstractFileStore] Downloaded file 'files/for-job/kind-CWLJob/instance-lan722jo/file-bc11c82cfa8d438ba76d8afbd6af6626/08944_B_DiscordantHomAlleleFractions.txt' to path '/juno/work/ci/temp/work/c05105b5-2b00-460e-bbc7-b80ba9183c9b/977f98efe9c75e24bf39fb3511460ad6/ff11/dedc/tmp4xgvp6rv.tmp'\n\t[2021-06-09T20:42:07-0400] [MainThread] [W] [toil.fileStores.abstractFileStore] Downloaded file 'files/for-job/kind-CWLJob/instance-lan722jo/file-fdae00cb1c6a422a90f14a87aebf7d8d/08944_B_MajorContamination.txt' to path '/juno/work/ci/temp/work/c05105b5-2b00-460e-bbc7-b80ba9183c9b/977f98efe9c75e24bf39fb3511460ad6/ff11/dedc/tmplqyyrxzr.tmp'\n\tTraceback (most recent call last):\n\t  File \"/juno/work/ci/staging_ridgeback/test_venv/lib/python3.7/site-packages/toil/worker.py\", line 393, in workerScript\n\t    job._runner(jobGraph=None, jobStore=jobStore, fileStore=fileStore, defer=defer)\n\t  File \"/juno/work/ci/staging_ridgeback/test_venv/lib/python3.7/site-packages/toil/job.py\", line 2362, in _runner\n\t    returnValues = self._run(jobGraph=None, fileStore=fileStore)\n\t  File \"/juno/work/ci/staging_ridgeback/test_venv/lib/python3.7/site-packages/toil/job.py\", line 2281, in _run\n\t    return self.run(fileStore)\n\t  File \"/juno/work/ci/staging_ridgeback/test_venv/lib/python3.7/site-packages/toil/cwl/cwltoil.py\", line 1228, in run\n\t    raise cwltool.errors.WorkflowException(status)\n\tcwltool.errors.WorkflowException: permanentFail\n\t[2021-06-09T20:42:07-0400] [MainThread] [E] [toil.worker] Exiting the worker because of a failed job on host ju07\n<=========

###TOOL ERROR WITHOUT CWLERROR
#[2021-06-09T20:07:14-0400] [MainThread] [W] [toil.leader] Log from job \"kind-CWLJob/instance-hokioqwb\" follows:\n=========>\n\t[2021-06-09T20:06:29-0400] [MainThread] [I] [toil.worker] ---TOIL WORKER OUTPUT LOG---\n\t[2021-06-09T20:06:29-0400] [MainThread] [I] [toil] Running Toil version 5.4.0a1-e30349c6facbada3c5dd839c7352af4116a65214 on host ju22.\n\t[2021-06-09T20:06:29-0400] [MainThread] [I] [toil.worker] Working on job 'CWLJob' python /usr/bin/conpair/scripts/verify_concordances.py kind-CWLJob/instance-hokioqwb\n\t[2021-06-09T20:06:31-0400] [MainThread] [I] [toil.worker] Loaded body Job('CWLJob' python /usr/bin/conpair/scripts/verify_concordances.py kind-CWLJob/instance-hokioqwb) from description 'CWLJob' python /usr/bin/conpair/scripts/verify_concordances.py kind-CWLJob/instance-hokioqwb\n\t[2021-06-09T20:06:42-0400] [MainThread] [I] [cwltool] ['singularity', 'pull', '--force', '--name', 'mskcc_roslin-variant-conpair:0.3.3.sif', 'docker://mskcc/roslin-variant-conpair:0.3.3']\n\tINFO:    Using cached SIF image\n\t[2021-06-09T20:06:47-0400] [MainThread] [I] [cwltool] [job conpair-concordance] /juno/work/ci/temp/work/c05105b5-2b00-460e-bbc7-b80ba9183c9b/47708b6c83df5bf3881a3a2e85c9e7c9/d6f1/9144/tmpvkurxx9p/tmp-out4870snwc$ singularity \\\n\t    --quiet \\\n\t    exec \\\n\t    --contain \\\n\t    --ipc \\\n\t    --pid \\\n\t    --home \\\n\t    /juno/work/ci/temp/work/c05105b5-2b00-460e-bbc7-b80\nba9183c9b/47708b6c83df5bf3881a3a2e85c9e7c9/d6f1/9144/tmpvkurxx9p/tmp-out4870snwc:/fCDTxQ \\\n\t    --bind \\\n\t    /juno/work/ci/temp/work/c05105b5-2b00-460e-bbc7-b80ba9183c9b/47708b6c83df5bf3881a3a2e85c9e7c9/d6f1/9144/tmp86a9eopvphvtausa:/tmp:rw \\\n\t    --bind \\\n\t    /juno/work/ci/staging-output/41e67168-fb5a-4b63-8c20-2d06e34faaca/s_C_4LM16H_N001_d.rg.md.pileup:/var/lib/cwl/stga85d955c-cb28-4eb6-93df-61644a28f742/s_C_4LM16H_N001_d.rg.md.pileup:ro \\\n\t    --bind \\\n\t    /juno/work/ci/staging-output/2b0d892c-76e9-44ba-bb58-71f16bfd9ff8/s_C_MP76JR_N001_d.rg.md.pileup:/var/lib/cwl/stg0c21ab0e-82bb-4cc8-b7bb-f50fcddfb5db/s_C_MP76JR_N001_d.rg.md.pileup:ro \\\n\t    --bind \\\n\t    /juno/work/ci/temp/job/c05105b5-2b00-460e-bbc7-b80ba9183c9b/files/for-job/kind-CWLJob/instance-fm7x31g3/file-352508a1589f49248475456d7b21432f/tn_pairing_file.txt:/var/lib/cwl/stge9932815-79bc-4293-8fea-738e73997f8f/tn_pairing_file.txt:ro \\\n\t    --bind \\\n\t    /juno/work/ci/staging-output/41e67168-fb5a-4b63-8c20-2d06e34faaca/s_C_4LM16H_X001_d.rg.md.pileup:/var/lib/cwl/stgc4b90214-aacc-45c4-9569-35f698c856a4/s_C_4LM16H_X001_d.rg.md.pileup:ro \\\n\t    --bind \\\n\t    /juno/work/ci/staging-output/2b0d892c-76e9-44ba-bb58-71f16bfd9ff8/s_C_MP76JR_X001_d.rg.md.pileup:/var/lib/cwl/stg066fc5bd-cb41-4cee-8562-6afc3c3518ae/s_C_MP76JR_X001_d.rg.md.pileup:ro \\\n\t    --pwd \\\n\t    /fCDTxQ \\\n\t    /juno/work/ci/temp/work/c05105b5-2b00-460e-bbc7-b80ba9183c9b/47708b6c83df5bf3881a3a2e85c9e7c9/d6f1/9144/mskcc_roslin-variant-conpair:0.3.3.sif \\\n\t    python \\\n\t    /usr/bin/conpair/scripts/verify_concordances.py \\\n\t    --markers \\\n\t    /usr/bin/conpair/data/markers/GRCh37.autosomes.phase3_shapeit2_mvncall_integrated.20130502.SNV.genotype.sselect_v4_MAF_0.4_LD_0.8.txt \\\n\t    --normal_pileup \\\n\t    /var/lib/cwl/stga85d955c-cb28-4eb6-93df-61644a28f742/s_C_4LM16H_N001_d.rg.md.pileup \\\n\t    /var/lib/cwl/stg0c21ab0e-82bb-4cc8-b7bb-f50fcddfb5db/s_C_MP76JR_N001_d.rg.md.pileup \\\n\t    --outdir \\\n\t    . \\\n\t    --outpre \\\n\t    08944_B_nohomo \\\n\t    --pairing \\\n\t    /var/lib/cwl/stge9932815-79bc-4293-8fea-738e73997f8f/tn_pairing_file.txt \\\n\t    --tumor_pileup \\\n\t    /var/lib/cwl/stgc4b90214-aacc-45c4-9569-35f698c856a4/s_C_4LM16H_X001_d.rg.md.pileup \\\n\t    /var/lib/cwl/stg066fc5bd-cb41-4cee-8562-6afc3c3518ae/s_C_MP76JR_X001_d.rg.md.pileup\n\tWARNING: Overriding HOME environment variable with SINGULARITYENV_HOME is not permitted\n\t2 vs 2 and total= 4\n\tExecuting Rscript ./08944_B_nohomo_concordance.R\n\tError in FUN(X[[i]], ...) : \n\t  unsupported conversion from 'UTF-8' to 'ASCII//TRANSLIT'\n\tError: package or namespace load failed for 'ggplot2':\n\t .onLoad failed in loadNamespace() for 'rlang', details:\n\t  call: utils::packageVersion(pkg)\n\t  error: there is no package called 'rlang'\n\tExecution halted\n\tUnexpected Error: <class 'subprocess.CalledProcessError'>\n\t[2021-06-09T20:06:57-0400] [MainThread] [W] [cwltool] [job conpair-concordance] completed permanentFail\n\t[2021-06-09T20:06:57-0400] [MainThread] [W] [toil.fileStores.abstractFileStore] Failed job accessed files:\n\t[2021-06-09T20:06:57-0400] [MainThread] [W] [toil.fileStores.abstractFileStore] Downloaded file 'files/no-job/file-90598e20a8d94a2998295f3aab3ed19b/s_C_4LM16H_N001_d.rg.md.pileup' to path '/juno/work/ci/temp/work/c05105b5-2b00-460e-bbc7-b80ba9183c9b/47708b6c83df5bf3881a3a2e85c9e7c9/d6f1/9144/tmp1u06nx2k.tmp'\n\t[2021-06-09T20:06:57-0400] [MainThread] [W] [toil.fileStores.abstractFileStore] Downloaded file 'files/no-job/file-c9bc7fe4f2234683ae7371c3af36ace7/s_C_MP76JR_N001_d.rg.md.pileup' to path '/juno/work/ci/temp/work/c05105b5-2b00-460e-bbc7-b80ba9183c9b/47708b6c83df5bf3881a3a2e85c9e7c9/d6f1/9144/tmp5lesamjt.tmp'\n\t[2021-06-09T20:06:57-0400] [MainThread] [W] [toil.fileStores.abstractFileStore] Downloaded file 'files/for-job/kind-CWLJob/instance-fm7x31g3/file-352508a1589f49248475456d7b21432f/tn_pairing_file.txt' to path '/juno/work/ci/temp/work/c05105b5-2b00-460e-bbc7-b80ba9183c9b/47708b6c83df5bf3881a3a2e85c9e7c9/d6f1/9144/tmpphwr0x0y.tmp'\n\t[2021-06-09T20:06:57-0400] [MainThread] [W] [toil.fileStores.abstractFileStore] Downloaded file 'files/no-job/file-d0d36f227e9a4326877defa7690b8f01/s_C_4LM16H_X001_d.rg.md.pileup' to path '/juno/work/ci/temp/work/c05105b5-2b00-460e-bbc7-b80ba9183c9b/47708b6c83df5bf3881a3a2e85c9e7c9/d6f1/9144/tmpxfd3pt8t.tmp'\n\t[2021-06-09T20:06:57-0400] [MainThread] [W] [toil.fileStores.abstractFileStore] Downloaded file 'files/no-job/file-352ef1b041ef40fd879405988a173955/s_C_MP76JR_X001_d.rg.md.pileup' to path '/juno/work/ci/temp/work/c05105b5-2b00-460e-bbc7-b80ba9183c9b/47708b6c83df5bf3881a3a2e85c9e7c9/d6f1/9144/tmp8w7toava.tmp'\n\tTraceback (most recent call last):\n\t  File \"/juno/work/ci/staging_ridgeback/test_venv/lib/python3.7/site-packages/toil/worker.py\", line 393, in workerScript\n\t    job._runner(jobGraph=None, jobStore=jobStore, fileStore=fileStore, defer=defer)\n\t  File \"/juno/work/ci/staging_ridgeback/test_venv/lib/python3.7/site-packages/toil/job.py\", line 2362, in _runner\n\t    returnValues = self._run(jobGraph=None, fileStore=fileStore)\n\t  File \"/juno/work/ci/staging_ridgeback/test_venv/lib/python3.7/site-packages/toil/job.py\", line 2281, in _run\n\t    return self.run(fileStore)\n\t  File \"/juno/work/ci/staging_ridgeback/test_venv/lib/python3.7/site-packages/toil/cwl/cwltoil.py\", line 1228, in run\n\t    raise cwltool.errors.WorkflowException(status)\n\tcwltool.errors.WorkflowException: permanentFail\n\t[2021-06-09T20:06:57-0400] [MainThread] [E] [toil.worker] Exiting the worker because of a failed job on host ju22\n<=========
TOIL_WORKER_FAILED Toil version %{TOIL_VERSION:TOIL_VERSION} on host %{WORD:LSF_HOST}(\n|.)*?%{TOIL_LOG_META}(\n|.)*?Working on job %{TOIL_JOB_META}\n(\n|.)*?\[cwltool\] \['singularity'(, '[\s\w\-._:,]*'){4}, '%{DATA:CONTAINER}'\](\n|.)*?\[cwltool\] \[job %{DATA:COMMAND_NAME}\](\n|.)*?sif%{DATA:COMMAND}[^\s\\]\n\t%{DATA:ERROR}\[\d{4}-\d{2}-(\n|.)*?(Job error:%{DATA:CWL_ERROR})?*? completed %{DATA:STATUS}\n\t(\n|.)*?Failed job accessed files:%{GREEDYDATA:JOBFILES}.*?Traceback.*?raise %{DATA:EXTRA_COMMAND_INFO}\[
TOIL_WORKER_FILE_NAME files/for-job/kind-CWLJob/instance-\w+/file-\w+/%{WORD:FILES}
TOIL_WORKER_NON_JAVASCRIPT_LOG Log from job %{GREEDYDATA:NON_JAVASCRIPT_WORKER_LOG}<=========
#[2021-07-06T17:16:51-0400] [MainThread] [W] [toil.leader] Log from job \"kind-CWLJob/instance-ifep9v8j\" follows:\n=========>\n\t[2021-07-06T17:16:12-0400] [MainThread] [I] [toil.worker] ---TOIL WORKER OUTPUT LOG---\n\t[2021-07-06T17:16:12-0400] [MainThread] [I] [toil] Running Toil version 5.4.0a1-e30349c6facbada3c5dd839c7352af4116a65214 on host je18.\n\t[2021-07-06T17:16:12-0400] [MainThread] [I] [toil.worker] Working on job 'CWLJob' head kind-CWLJob/instance-ifep9v8j\n\t[2021-07-06T17:16:12-0400] [MainThread] [I] [toil.worker] Loaded body Job('CWLJob' head kind-CWLJob/instance-ifep9v8j) from description 'CWLJob' head kind-CWLJob/instance-ifep9v8j\n\t[2021-07-06T17:16:12-0400] [MainThread] [E] [cwltool] Expecting value: line 1 column 1 (char 0)\n\tscript was:\n\t01 \"use strict\";\n\t02 var inputs = {\n\t03     \"input_file\": null,\n\t04     \"input_files\": [],\n\t05     \"num_lines\": null\n\t06 };\n\t07 var self = null;\n\t08 var runtime = {\n\t09     \"tmpdir\": null,\n\t10     \"outdir\": null\n\t11 };\n\t12 (function(){ return inputs.input_files[0]; })()\n\tstdout was: 'undefined'\n\tstderr was: ''\n\tTraceback (most recent call last):\n\t  File \"/juno/work/ci/prod_ridgeback/venv/lib/python3.7/site-packages/cwltool/sandboxjs.py\", line 411, in execjs\n\t    return cast(CWLOutputType, json.loads(stdout))\n\t  File \"/opt/common/CentOS_7/python/python-3.7.1/lib/python3.7/json/__init__.py\", line 348, in loads\n\t    return _default_decoder.decode(s)\n\t  File \"/opt/common/CentOS_7/python/python-3.7.1/lib/python3.7/json/decoder.py\", line 337, in decode\n\t    obj, end = self.raw_decode(s, idx=_w(s, 0).end())\n\t  File \"/opt/common/CentOS_7/python/python-3.7.1/lib/python3.7/json/decoder.py\", line 355, in raw_decode\n\t    raise JSONDecodeError(\"Expecting value\", s, err.value) from None\n\tjson.decoder.JSONDecodeError: Expecting value: line 1 column 1 (char 0)
TOIL_WORKER_JAVASCRIPT_FAILED Toil version %{TOIL_VERSION:TOIL_VERSION} on host %{WORD:LSF_HOST}(\n|.)*?%{TOIL_LOG_META}(\n|.)*?Working on job %{TOIL_JOB_META}\n(\n|.)*?script was:%{DATA:SCRIPT_DATA}(\n|\t)*?stdout was: \'%{DATA:STDOUT}\'(\n|\t)*?stderr was: \'%{DATA:STDERR}\'(\n|.)*\.%{DATA:ERROR_TYPE}: %{DATA:ERROR_INFO}$

#CWLJob' Rscript /usr/bin/qc_summary.R kind-CWLJob/instance-6vezu8nw
#ResolveIndirect' kind-ResolveIndirect/instance-cpgdscpp
TOIL_SINGLE_FAILED_JOB_META %{WORD:JOB}\' ?%{GREEDYDATA:JOBNAME} kind-.*/instance-%{DATA:JOBID}
#### Info ####

#[2021-06-09T20:36:12-0400] [MainThread] [I] [toil.worker] Finished running the chain of jobs on this node, we ran for a total of 0.000349 seconds
TOIL_CHAIN_JOBS %{TOIL_LOG_META} Finished running the chain of jobs on this node, we ran for a total of %{NUMBER:CHAIN_DURATION} seconds

#[2021-06-09T20:07:16-0400] [MainThread] [I] [toil.job] Processing job 'ResolveIndirect' kind-ResolveIndirect/instance-cpgdscpp
#[2021-06-09T20:03:11-0400] [MainThread] [I] [toil.job] Processing job 'CWLJob' python /usr/bin/create_cdna_contam.py kind-CWLJob/instance-8z3z66p9
TOIL_PROCESSING_JOB %{TOIL_LOG_META} Processing job %{TOIL_JOB_META}

#[2021-06-09T20:07:15-0400] [MainThread] [I] [toil.worker] Working on job 'ResolveIndirect' kind-ResolveIndirect/instance-

#[2021-07-06T17:01:59-0400] [MainThread] [I] [toil.worker] Working on job 'CWLGather' kind-CWLGather/instance-usbmoph9shell-init: error retrieving current directory: getcwd: cannot access parent directories: No such file or directoryshell-init: error retrieving current directory: getcwd: cannot access parent directories: No such file or directory

#[2021-07-06T17:04:12-0400] [MainThread] [I] [toil.worker] Working on job 'CWLScatter' kind-CWLScatter/instance-3mkwgj_2System call failed: No such file or directory. Job not submitted.
TOIL_WORKING_JOB %{TOIL_LOG_META} %{WORD:STATUS} on job %{TOIL_JOB_META}(.*(shell-init:|System) %{DATA:ERROR_TYPE}: %{DATA:ERROR_INFO}$)?

#[2021-06-09T20:06:15-0400] [MainThread] [I] [toil] Running Toil version 5.4.0a1-e30349c6facbada3c5dd839c7352af4116a65214 on host ju22.
TOIL_VERSION_AND_HOST %{TOIL_LOG_META} Running Toil version %{DATA:TOIL_VERSION} on host %{WORD:LSF_HOST}\.

#[2021-06-09T20:03:11-0400] [MainThread] [I] [toil.worker] Completed body for 'CWLWorkflow' kind-CWLWorkflow/instance-ah9x_7qt
TOIL_JOB_COMPLETED %{TOIL_LOG_META} %{WORD:STATUS} body for %{TOIL_JOB_META}

#[2021-06-09T20:06:12-0400] [MainThread] [I] [toil.leader] Issued job 'CWLJob' python /usr/bin/conpair/scripts/verify_concordances.py kind-CWLJob/instance-hokioqwb with job batch system ID: 8 and cores: 1, disk: 2.0 Gi, and memory: 15.6 Gi

#[2021-06-07T10:46:33-0400] [MainThread] [I] [toil.leader] Issued job 'CWLJob' bash run_annotate_maf_wrapper.sh kind-CWLJob/V/instance-2gtij9x0 with job batch system ID: 504 and cores: 4, disk: 2.0 Gi, and memory: 7.8 GiSystem call failed: No such file or directory. Job not submitted.

TOIL_ISSUED_JOB %{TOIL_LOG_META} Issued job %{TOIL_JOB_META} with job batch system ID: %{NUMBER:BATCH_ID} and cores: %{NUMBER:CORES}, disk: %{NUMBER:DISK} Gi, and memory: %{NUMBER:MEMORY} Gi(.*System %{DATA:ERROR_TYPE}: %{DATA:ERROR_INFO}$)?

#[2021-06-09T20:07:15-0400] [MainThread] [I] [toil.job] Saving graph of 1 jobs, 0 new
TOIL_SAVING_GRAPH %{TOIL_LOG_META} %{DATA:STATUS} of %{NUMBER:JOBS} .*, %{NUMBER:NEW_JOBS} new

#[2021-06-09T20:03:10-0400] [MainThread] [W] [toil.batchSystems.singleMachine] Not enough cores! User limited to 500 but we only have 32.
TOIL_SINGLE_MACHINE_CORES %{TOIL_LOG_META} %{DATA:STATUS} User limited to %{NUMBER:CORES_REQ} but we only have %{NUMBER:CORES}.

#[2021-06-09T20:37:25-0400] [MainThread] [I] [toil.worker] Not chaining from job 'ResolveIndirect' kind-ResolveIndirect/instance-2hih2odj
TOIL_NOT_CHAINING %{TOIL_LOG_META} %{DATA:STATUS} from job %{TOIL_JOB_META}

#[2021-06-09T20:03:12-0400] [Thread-72 ] [W] [toil.statsAndLogging] Got message from job at time 06-09-2021 20:03:12: Job used more disk than requested. For CWL, consider increasing the outdirMin requirement, otherwise, consider increasing the disk requirement. Job files/for-job/kind-CWLWorkflow/instance-ah9x_7qt/cleanup/file-9c19ca0d17994ef3ba1813f6fe34ae2e/stream used 0.00% disk (1.5 KiB [1536B] used, 0 bB [0B] requested).
#[2021-06-09T20:03:11-0400] [MainThread] [W] [toil.fileStores.abstractFileStore] LOG-TO-MASTER: Job used more disk than requested. For CWL, consider increasing the outdirMin requirement, otherwise, consider increasing the disk requirement. Job files/for-job/kind-CWLWorkflow/instance-ah9x_7qt/cleanup/file-9c19ca0d17994ef3ba1813f6fe34ae2e/stream used 0.00% disk (1.5 KiB [1536B] used, 0 bB [0B] requested)
TOIL_STATS_MESSAGE %{TOIL_LOG_META} .*?Job used more disk than requested.*?kind-%{DATA:JOBNAME}/instance-%{WORD:JOBID}/.* used %{NUMBER:PERCENT_DISK}% disk .*\[%{NUMBER:BYTES}B\] used

#[2021-06-09T20:03:03-0400] [MainThread] [I] [cwltool] Resolved '/juno/work/ci/temp/work/c05105b5-2b00-460e-bbc7-b80ba9183c9b/argos-cwl/modules/project/generate-qc-sv.cwl' to 'file:///juno/work/ci/temp/work/c05105b5-2b00-460e-bbc7-b80ba9183c9b/argos-cwl/modules/project/generate-qc-sv.cwl'
TOIL_RESOLVED_MESSAGE %{TOIL_LOG_META} %{WORD:STATUS} \'%{DATA:SOURCE_FILE}\' to \'%{DATA:DEST_FILE}\'

#[2021-06-09T20:37:24-0400] [MainThread] [I] [toil.worker] Loaded body Job('ResolveIndirect' kind-ResolveIndirect/instance-2hih2odj) from description 'ResolveIndirect' kind-ResolveIndirect/instance-2hih2odj"

#[2021-07-06T17:15:19-0400] [MainThread] [I] [toil.worker] Loaded body Job('CWLWorkflow' kind-CWLWorkflow/instance-r1c9mh5x) from description 'CWLWorkflow' kind-CWLWorkflow/instance-r1c9mh5x\nTraceback (most recent call last):\n  File \"/juno/work/ci/prod_ridgeback/venv/lib/python3.7/site-packages/toil/worker.py\", line 379, in workerScript\n    with deferredFunctionManager.open() as defer:\n  File \"/opt/common/CentOS_7/python/python-3.7.1/lib/python3.7/contextlib.py\", line 112, in __enter__\n    return next(self.gen)\n  File \"/juno/work/ci/prod_ridgeback/venv/lib/python3.7/site-packages/toil/deferred.py\", line 177, in open\n    self._runOrphanedDeferredFunctions()\n  File \"/juno/work/ci/prod_ridgeback/venv/lib/python3.7/site-packages/toil/deferred.py\", line 284, in _runOrphanedDeferredFunctions\n    for filename in os.listdir(self.stateDir):\nFileNotFoundError: [Errno 2] No such file or directory: '/work/ci/beagle/work/074cab4f-1433-411f-83ec-e8170063ca13/ee2543ab705e549793b1dee76c932ab6/deferred'\n[2021-07-06T17:15:19-0400] [MainThread] [E] [toil.worker] Exiting the worker because of a failed job on host ju15
TOIL_LOADED_BODY %{TOIL_LOG_META} %{WORD:STATUS} body .*?Job\(%{TOIL_JOB_META}\)(.*?Traceback.*:\n%{DATA:ERROR_TYPE}: %{DATA:ERROR_INFO}\n.*?Exiting the worker because of a failed job on host %{WORD:LSF_HOST})?

#[2021-06-09T20:03:10-0400] [MainThread] [I] [toil.realtimeLogger] Starting real-time logging.
#[2021-06-09T20:44:36-0400] [MainThread] [I] [toil.realtimeLogger] Stopping real-time logging server.
TOIL_REAL_TIME_SERVER %{TOIL_LOG_META} %{WORD:STATUS} real-time logging(\.| server\.)

#[2021-06-09T20:03:12-0400] [MainThread] [W] [toil.leader] A result seems to already have been processed for job 0
TOIL_RESULT_PROCESSED %{TOIL_LOG_META} A result seems to %{DATA:STATUS} for job %{GREEDYDATA:BATCH_ID}

#[2021-06-09T20:03:12-0400] [MainThread] [I] [toil.leader] 0 jobs are running, 1 jobs are issued and waiting to run
TOIL_RUNNING_AND_PENDING %{TOIL_LOG_META} %{NUMBER:RUNNING_JOBS} jobs are running, %{NUMBER:PENDING} jobs are issued and waiting to run

#[2021-06-09T15:45:52-0400] [MainThread] [I] [toil.leader] Finished toil run successfully.
#[2021-06-09T20:44:32-0400] [MainThread] [I] [toil.leader] Finished toil run with 11 failed jobs.
TOIL_FINISHED %{TOIL_LOG_META} Finished toil run (with %{NUMBER:FAILED_JOBS} failed jobs)?

#\t\n\tTraceback (most recent call last):\n\t  File \"/juno/work/ci/prod_ridgeback/venv/lib/python3.7/site-packages/cwltool/sandboxjs.py\", line 411, in execjs\n\t    return cast(CWLOutputType, json.loads(stdout))\n\t  File \"/opt/common/CentOS_7/python/python-3.7.1/lib/python3.7/json/__init__.py\", line 348, in loads\n\t    return _default_decoder.decode(s)\n\t  File \"/opt/common/CentOS_7/python/python-3.7.1/lib/python3.7/json/decoder.py\", line 337, in decode\n\t    obj, end = self.raw_decode(s, idx=_w(s, 0).end())\n\t  File \"/opt/common/CentOS_7/python/python-3.7.1/lib/python3.7/json/decoder.py\", line 355, in raw_decode\n\t    raise JSONDecodeError(\"Expecting value\", s, err.value) from None\n\tjson.decoder.JSONDecodeError: Expecting value: line 1 column 1 (char 0)
TOIL_TRACEBACK ^(\t|\n).*?Traceback.*\.%{DATA:ERROR_TYPE}: %{DATA:ERROR_INFO}$
#####Log Messages not needed (parse and discard)
#[2021-06-09T20:03:07-0400] [MainThread] [W] [cwltool] ../../juno/work/ci/temp/work/c05105b5-2b00-460e-bbc7-b80ba9183c9b/argos-cwl/tools/consolidate-files/consolidate-files-mixed.cwl:44:1: JSHINT:   var input_directories = inputs.directories.filter(single_file => String(single_file).toUpperCase() != 'NONE');../../juno/work/ci/temp/work/c05105b5-2b00-460e-bbc7-b80ba9183c9b/argos-cwl/tools/consolidate-files/consolidate-files-mixed.cwl:44:1: JSHINT:                                                                 ^../../juno/work/ci/temp/work/c05105b5-2b00-460e-bbc7-b80ba9183c9b/argos-cwl/tools/consolidate-files/consolidate-files-mixed.cwl:44:1: JSHINT: W119: 'arrow function syntax (=>)' is only available in ES6. CWL only supports ES5.1
TOIL_CWL_WARNING CWL only supports ES5.1%{SPACE:STATUS}$

#[2021-06-09T20:03:08-0400] [MainThread] [W] [cwltool] Workflow checker warning:../../juno/work/ci/temp/work/c05105b5-2b00-460e-bbc7-b80ba9183c9b/argos-cwl/tools/roslin-qc/qc-merge-and-hotspots.cwl:152:7: 'project_prefix' is                                                                                                                             not an input                                                                                                                             parameter of                                                                                                                             file:///juno/work/ci/temp/work/c05105b5-2b00-460e-bbc7-b80ba9183c9b/argos-cwl/tools/cmo-utils/1.9.15/cmo-fillout.cwl,                                                                                                                             expected bams, maf,                                                                                                                             output_format,                                                                                                                             ref_fasta../../juno/work/ci/temp/work/c05105b5-2b00-460e-bbc7-b80ba9183c9b/argos-cwl/tools/roslin-qc/qc-merge-and-hotspots.cwl:177:7: 'fp_output' is not                                                                                                                             an input parameter                                                                                                                             of                                                                                                                             file:///juno/work/ci/temp/work/c05105b5-2b00-460e-bbc7-b80ba9183c9b/argos-cwl/tools/consolidate-files/consolidate-files.cwl,                                                                                                                             expected files,                                                                                                                             output_directory_name"
TOIL_CWL_WARNING_2 %{SPACE:STATUS}%{TOIL_LOG_META} Workflow checker warning:

EMPTY_SPACE ^%{SPACE:STATUS}$
#The above exception was the direct cause of the following exception:
TOIL_EXTRA_COMMENT %{SPACE:STATUS}The above exception was the direct cause of the following exception:
#\t\n\t[2021-07-06T17:16:12-0400] [MainThread] [E] [toil.worker] Exiting the worker because of a failed job on host je18\n<=========
TOIL_EXTRA_COMMENT_2 (\t|\n).*?%{TOIL_LOG_META} Exiting the worker because of a failed job on host.*<=========%{SPACE:STATUS}$
#[2021-06-09T20:07:15-0400] [MainThread] [I] [toil.worker] ---TOIL WORKER OUTPUT LOG---
TOIL_WORKER_LOG_HEADER %{TOIL_LOG_META} %{SPACE:STATUS}---%{DATA:WORKER_LOG_HEADER}---

#Successfully completed.
TOIL_SUCCESSFULLY_COMPLETED %{SPACE:STATUS}Successfully completed.

#\"location\": \"file:///juno/work/ci/staging-output/same_output_dir_test/argos/test_run_jj/1.1.2/20210602_16_55_206316/vcf/s_YJ_egc_030_X.s_Normal_Pooled_FROZEN_1_04763_E.combined-variants.vcf.gz\",                \"size\": 141858,                \"basename\": \"s_YJ_egc_030_X.s_Normal_Pooled_FROZEN_1_04763_E.combined-variants.vcf.gz\",                \"nameroot\": \"s_YJ_egc_030_X.s_Normal_Pooled_FROZEN_1_04763_E.combined-variants.vcf\",                \"nameext\": \".gz\",                \"checksum\": \"sha1$1329ffda496abd5db1e098264bbc733d488ab5fe\"  
TOIL_OUTPUT_FILES %{SPACE:STATUS}location.*size.*basename.*checksum

#[2021-07-06T17:16:51-0400] [MainThread] [W] [toil.leader] No log file is present, despite job failing: 'CWLJob' head kind-CWLJob/instance-xfqo2c8f
TOIL_NO_LOG_FAILURE %{TOIL_LOG_META} %{GREEDYDATA:STATUS}: %{TOIL_JOB_META}

[2021-10-13T04:39:34-0400] [MainThread] [W] [toil.leader] Job failed with exit value BatchJobExitReason.MEMLIMIT: 'CWLJob' perl /usr/bin/vardict/var2vcf_paired.pl kind-CWLJob/instance-0399ulcfExit reason: None"
TOIL_BATCH_SYSTEM_FAILURE %{TOIL_LOG_META} Job %{DATA:STATUS} with exit value %{GREEDYDATA:EXITREASON}: %{TOIL_JOB_META}Exit reason: %{DATA:LSF_EXITREASON}

#[2021-07-06T17:16:50-0400] [MainThread] [W] [toil.leader] Despite the batch system claiming failure the job 'CWLJob' grep -v # kind-CWLJob/instance-wp9bpkbb seems to have finished and been removed
TOIL_BATCH_DESPITE_FAILURE %{TOIL_LOG_META} %{DATA:STATUS} the job %{TOIL_JOB_META}

#[2021-07-06T17:02:02-0400] [MainThread] [I] [toil.worker] Chaining from 'CWLScatter' kind-CWLScatter/instance-__3q9h6r to 'CWLGather' kind-CWLGather/instance-rngzybfz
TOIL_CHAINING_FROM_JOB %{TOIL_LOG_META} %{DATA:STATUS} %{TOIL_JOB_META} to %{TOIL_JOB_META}

#[2021-10-13T04:39:34-0400] [MainThread] [W] [toil.job] We have doubled the memory of the failed job 'CWLJob' perl /usr/bin/vardict/var2vcf_paired.pl kind-CWLJob/instance-0399ulcf to 67108864000 bytes due to doubleMem flag
TOIL_DOUBLE_MEMORY %{TOIL_LOG_META} We have %{DATA:STATUS} of the failed job %{TOIL_JOB_META} to %{NUMBER:NEW_MEMORY} bytes due to doubleMem flag

[2021-10-13T04:40:37-0400] [MainThread] [I] [toil.realtimeLogger] Joining real-time logging server thread.
TOIL_JOINING_REAL_TIME_LOGGER %{TOIL_LOG_META} Joining real-time logging server thread.%{DATA:STATUS}